Analysis & Synthesis report for encoder_meas
Wed Sep 21 16:47:25 2016
Quartus II 64-Bit Version 11.0 Build 208 07/03/2011 Service Pack 1 SJ Full Version


---------------------
; Table of Contents ;
---------------------
  1. Legal Notice
  2. Analysis & Synthesis Summary
  3. Analysis & Synthesis Settings
  4. Parallel Compilation
  5. Analysis & Synthesis Source Files Read
  6. Analysis & Synthesis Resource Usage Summary
  7. Analysis & Synthesis Resource Utilization by Entity
  8. State Machine - |encoder_meas|sample:u2|state
  9. Registers Removed During Synthesis
 10. General Register Statistics
 11. Multiplexer Restructuring Statistics (Restructuring Performed)
 12. Parameter Settings for User Entity Instance: channel_sel:u1
 13. Parameter Settings for User Entity Instance: sample:u2
 14. Analysis & Synthesis Messages



----------------
; Legal Notice ;
----------------
Copyright (C) 1991-2011 Altera Corporation
Your use of Altera Corporation's design tools, logic functions 
and other software and tools, and its AMPP partner logic 
functions, and any output files from any of the foregoing 
(including device programming or simulation files), and any 
associated documentation or information are expressly subject 
to the terms and conditions of the Altera Program License 
Subscription Agreement, Altera MegaCore Function License 
Agreement, or other applicable license agreement, including, 
without limitation, that your use is for the sole purpose of 
programming logic devices manufactured by Altera and sold by 
Altera or its authorized distributors.  Please refer to the 
applicable agreement for further details.



+------------------------------------------------------------------------------+
; Analysis & Synthesis Summary                                                 ;
+-----------------------------+------------------------------------------------+
; Analysis & Synthesis Status ; Successful - Wed Sep 21 16:47:25 2016          ;
; Quartus II 64-Bit Version   ; 11.0 Build 208 07/03/2011 SP 1 SJ Full Version ;
; Revision Name               ; encoder_meas                                   ;
; Top-level Entity Name       ; encoder_meas                                   ;
; Family                      ; MAX II                                         ;
; Total logic elements        ; 368                                            ;
; Total pins                  ; 67                                             ;
; Total virtual pins          ; 0                                              ;
; UFM blocks                  ; 0 / 1 ( 0 % )                                  ;
+-----------------------------+------------------------------------------------+


+----------------------------------------------------------------------------------------------------------------------+
; Analysis & Synthesis Settings                                                                                        ;
+----------------------------------------------------------------------------+--------------------+--------------------+
; Option                                                                     ; Setting            ; Default Value      ;
+----------------------------------------------------------------------------+--------------------+--------------------+
; Device                                                                     ; EPM570T100C5       ;                    ;
; Top-level entity name                                                      ; encoder_meas       ; encoder_meas       ;
; Family name                                                                ; MAX II             ; Cyclone IV GX      ;
; Use smart compilation                                                      ; Off                ; Off                ;
; Enable parallel Assembler and TimeQuest Timing Analyzer during compilation ; On                 ; On                 ;
; Enable compact report table                                                ; Off                ; Off                ;
; Restructure Multiplexers                                                   ; Auto               ; Auto               ;
; Create Debugging Nodes for IP Cores                                        ; Off                ; Off                ;
; Preserve fewer node names                                                  ; On                 ; On                 ;
; Disable OpenCore Plus hardware evaluation                                  ; Off                ; Off                ;
; Verilog Version                                                            ; Verilog_2001       ; Verilog_2001       ;
; VHDL Version                                                               ; VHDL_1993          ; VHDL_1993          ;
; State Machine Processing                                                   ; Auto               ; Auto               ;
; Safe State Machine                                                         ; Off                ; Off                ;
; Extract Verilog State Machines                                             ; On                 ; On                 ;
; Extract VHDL State Machines                                                ; On                 ; On                 ;
; Ignore Verilog initial constructs                                          ; Off                ; Off                ;
; Iteration limit for constant Verilog loops                                 ; 5000               ; 5000               ;
; Iteration limit for non-constant Verilog loops                             ; 250                ; 250                ;
; Add Pass-Through Logic to Inferred RAMs                                    ; On                 ; On                 ;
; Parallel Synthesis                                                         ; On                 ; On                 ;
; NOT Gate Push-Back                                                         ; On                 ; On                 ;
; Power-Up Don't Care                                                        ; On                 ; On                 ;
; Remove Redundant Logic Cells                                               ; Off                ; Off                ;
; Remove Duplicate Registers                                                 ; On                 ; On                 ;
; Ignore CARRY Buffers                                                       ; Off                ; Off                ;
; Ignore CASCADE Buffers                                                     ; Off                ; Off                ;
; Ignore GLOBAL Buffers                                                      ; Off                ; Off                ;
; Ignore ROW GLOBAL Buffers                                                  ; Off                ; Off                ;
; Ignore LCELL Buffers                                                       ; Off                ; Off                ;
; Ignore SOFT Buffers                                                        ; On                 ; On                 ;
; Limit AHDL Integers to 32 Bits                                             ; Off                ; Off                ;
; Optimization Technique                                                     ; Balanced           ; Balanced           ;
; Carry Chain Length                                                         ; 70                 ; 70                 ;
; Auto Carry Chains                                                          ; On                 ; On                 ;
; Auto Open-Drain Pins                                                       ; On                 ; On                 ;
; Perform WYSIWYG Primitive Resynthesis                                      ; Off                ; Off                ;
; Auto Shift Register Replacement                                            ; Auto               ; Auto               ;
; Allow Shift Register Merging across Hierarchies                            ; Auto               ; Auto               ;
; Auto Clock Enable Replacement                                              ; On                 ; On                 ;
; Allow Synchronous Control Signals                                          ; On                 ; On                 ;
; Force Use of Synchronous Clear Signals                                     ; Off                ; Off                ;
; Auto Resource Sharing                                                      ; Off                ; Off                ;
; Use LogicLock Constraints during Resource Balancing                        ; On                 ; On                 ;
; Ignore translate_off and synthesis_off directives                          ; Off                ; Off                ;
; Report Parameter Settings                                                  ; On                 ; On                 ;
; Report Source Assignments                                                  ; On                 ; On                 ;
; Report Connectivity Checks                                                 ; On                 ; On                 ;
; Ignore Maximum Fan-Out Assignments                                         ; Off                ; Off                ;
; Synchronization Register Chain Length                                      ; 2                  ; 2                  ;
; PowerPlay Power Optimization                                               ; Normal compilation ; Normal compilation ;
; HDL message level                                                          ; Level2             ; Level2             ;
; Suppress Register Optimization Related Messages                            ; Off                ; Off                ;
; Number of Removed Registers Reported in Synthesis Report                   ; 5000               ; 5000               ;
; Number of Inverted Registers Reported in Synthesis Report                  ; 100                ; 100                ;
; Clock MUX Protection                                                       ; On                 ; On                 ;
; Block Design Naming                                                        ; Auto               ; Auto               ;
; Synthesis Effort                                                           ; Auto               ; Auto               ;
; Shift Register Replacement - Allow Asynchronous Clear Signal               ; On                 ; On                 ;
; Analysis & Synthesis Message Level                                         ; Medium             ; Medium             ;
; Disable Register Merging Across Hierarchies                                ; Auto               ; Auto               ;
; Synthesis Seed                                                             ; 1                  ; 1                  ;
+----------------------------------------------------------------------------+--------------------+--------------------+


+------------------------------------------+
; Parallel Compilation                     ;
+----------------------------+-------------+
; Processors                 ; Number      ;
+----------------------------+-------------+
; Number detected on machine ; 4           ;
; Maximum allowed            ; 4           ;
;                            ;             ;
; Average used               ; 1.00        ;
; Maximum used               ; 1           ;
;                            ;             ;
; Usage by Processor         ; % Time Used ;
;     1 processor            ; 100.0%      ;
;     2-4 processors         ;   0.0%      ;
+----------------------------+-------------+


+---------------------------------------------------------------------------------------------------------------------------------------------------+
; Analysis & Synthesis Source Files Read                                                                                                            ;
+----------------------------------+-----------------+------------------------+---------------------------------------------------------------------+
; File Name with User-Entered Path ; Used in Netlist ; File Type              ; File Name with Absolute Path                                        ;
+----------------------------------+-----------------+------------------------+---------------------------------------------------------------------+
; encoder_meas.v                   ; yes             ; User Verilog HDL File  ; C:/Users/Administrator/Desktop/encoder_meas_20160707/encoder_meas.v ;
; channel_sel.v                    ; yes             ; User Verilog HDL File  ; C:/Users/Administrator/Desktop/encoder_meas_20160707/channel_sel.v  ;
; sample.v                         ; yes             ; User Verilog HDL File  ; C:/Users/Administrator/Desktop/encoder_meas_20160707/sample.v       ;
; mcu_rd.v                         ; yes             ; User Verilog HDL File  ; C:/Users/Administrator/Desktop/encoder_meas_20160707/mcu_rd.v       ;
+----------------------------------+-----------------+------------------------+---------------------------------------------------------------------+


+-----------------------------------------------------+
; Analysis & Synthesis Resource Usage Summary         ;
+---------------------------------------------+-------+
; Resource                                    ; Usage ;
+---------------------------------------------+-------+
; Total logic elements                        ; 368   ;
;     -- Combinational with no register       ; 149   ;
;     -- Register only                        ; 100   ;
;     -- Combinational with a register        ; 119   ;
;                                             ;       ;
; Logic element usage by number of LUT inputs ;       ;
;     -- 4 input functions                    ; 116   ;
;     -- 3 input functions                    ; 61    ;
;     -- 2 input functions                    ; 85    ;
;     -- 1 input functions                    ; 5     ;
;     -- 0 input functions                    ; 1     ;
;                                             ;       ;
; Logic elements by mode                      ;       ;
;     -- normal mode                          ; 281   ;
;     -- arithmetic mode                      ; 87    ;
;     -- qfbk mode                            ; 0     ;
;     -- register cascade mode                ; 0     ;
;     -- synchronous clear/load mode          ; 76    ;
;     -- asynchronous clear/load mode         ; 30    ;
;                                             ;       ;
; Total registers                             ; 219   ;
; Total logic cells in carry chains           ; 92    ;
; I/O pins                                    ; 67    ;
; Maximum fan-out node                        ; clk   ;
; Maximum fan-out                             ; 190   ;
; Total fan-out                               ; 1474  ;
; Average fan-out                             ; 3.39  ;
+---------------------------------------------+-------+


+-------------------------------------------------------------------------------------------------------------------------------------------------------------------------------------------------------------------------------+
; Analysis & Synthesis Resource Utilization by Entity                                                                                                                                                                           ;
+----------------------------+-------------+--------------+------------+------+--------------+--------------+-------------------+------------------+-----------------+------------+------------------------------+--------------+
; Compilation Hierarchy Node ; Logic Cells ; LC Registers ; UFM Blocks ; Pins ; Virtual Pins ; LUT-Only LCs ; Register-Only LCs ; LUT/Register LCs ; Carry Chain LCs ; Packed LCs ; Full Hierarchy Name          ; Library Name ;
+----------------------------+-------------+--------------+------------+------+--------------+--------------+-------------------+------------------+-----------------+------------+------------------------------+--------------+
; |encoder_meas              ; 368 (0)     ; 219          ; 0          ; 67   ; 0            ; 149 (0)      ; 100 (0)           ; 119 (0)          ; 92 (0)          ; 0 (0)      ; |encoder_meas                ; work         ;
;    |channel_sel:u1|        ; 103 (103)   ; 10           ; 0          ; 0    ; 0            ; 93 (93)      ; 0 (0)             ; 10 (10)          ; 8 (8)           ; 0 (0)      ; |encoder_meas|channel_sel:u1 ; work         ;
;    |mcu_rd:u3|             ; 20 (20)     ; 20           ; 0          ; 0    ; 0            ; 0 (0)        ; 0 (0)             ; 20 (20)          ; 20 (20)         ; 0 (0)      ; |encoder_meas|mcu_rd:u3      ; work         ;
;    |sample:u2|             ; 245 (245)   ; 189          ; 0          ; 0    ; 0            ; 56 (56)      ; 100 (100)         ; 89 (89)          ; 64 (64)         ; 0 (0)      ; |encoder_meas|sample:u2      ; work         ;
+----------------------------+-------------+--------------+------------+------+--------------+--------------+-------------------+------------------+-----------------+------------+------------------------------+--------------+
Note: For table entries with two numbers listed, the numbers in parentheses indicate the number of resources of the given type used by the specific entity alone. The numbers listed outside of parentheses indicate the total resources of the given type used by the specific entity and all of its sub-entities in the hierarchy.


Encoding Type:  One-Hot
+--------------------------------------------------------------------------------+
; State Machine - |encoder_meas|sample:u2|state                                  ;
+------------+----------+----------+----------+----------+----------+------------+
; Name       ; state.W2 ; state.W4 ; state.W3 ; state.W0 ; state.W1 ; state.IDLE ;
+------------+----------+----------+----------+----------+----------+------------+
; state.IDLE ; 0        ; 0        ; 0        ; 0        ; 0        ; 0          ;
; state.W1   ; 0        ; 0        ; 0        ; 0        ; 1        ; 1          ;
; state.W0   ; 0        ; 0        ; 0        ; 1        ; 0        ; 1          ;
; state.W3   ; 0        ; 0        ; 1        ; 0        ; 0        ; 1          ;
; state.W4   ; 0        ; 1        ; 0        ; 0        ; 0        ; 1          ;
; state.W2   ; 1        ; 0        ; 0        ; 0        ; 0        ; 1          ;
+------------+----------+----------+----------+----------+----------+------------+


+--------------------------------------------------------------------------------+
; Registers Removed During Synthesis                                             ;
+---------------------------------------+----------------------------------------+
; Register name                         ; Reason for Removal                     ;
+---------------------------------------+----------------------------------------+
; sample:u2|sample_addr[1]              ; Merged with sample:u2|sample_addr[0]   ;
; sample:u2|sample_addr[0]              ; Stuck at GND due to stuck port data_in ;
; sample:u2|state~8                     ; Lost fanout                            ;
; sample:u2|state~9                     ; Lost fanout                            ;
; sample:u2|state~10                    ; Lost fanout                            ;
; Total Number of Removed Registers = 5 ;                                        ;
+---------------------------------------+----------------------------------------+


+------------------------------------------------------+
; General Register Statistics                          ;
+----------------------------------------------+-------+
; Statistic                                    ; Value ;
+----------------------------------------------+-------+
; Total registers                              ; 219   ;
; Number of registers using Synchronous Clear  ; 76    ;
; Number of registers using Synchronous Load   ; 0     ;
; Number of registers using Asynchronous Clear ; 30    ;
; Number of registers using Asynchronous Load  ; 0     ;
; Number of registers using Clock Enable       ; 180   ;
; Number of registers using Preset             ; 0     ;
+----------------------------------------------+-------+


+------------------------------------------------------------------------------------------------------------------------------------------------------------------------+
; Multiplexer Restructuring Statistics (Restructuring Performed)                                                                                                         ;
+--------------------+-----------+---------------+----------------------+------------------------+------------------------------------------+----------------------------+
; Multiplexer Inputs ; Bus Width ; Baseline Area ; Area if Restructured ; Saving if Restructured ; Registered                               ; Example Multiplexer Output ;
+--------------------+-----------+---------------+----------------------+------------------------+------------------------------------------+----------------------------+
; 3:1                ; 49 bits   ; 98 LEs        ; 0 LEs                ; 98 LEs                 ; |encoder_meas|sample:u2|sample_addr[4]   ;                            ;
; 3:1                ; 32 bits   ; 64 LEs        ; 32 LEs               ; 32 LEs                 ; |encoder_meas|sample:u2|clk_cnt[23]      ;                            ;
; 4:1                ; 16 bits   ; 32 LEs        ; 16 LEs               ; 16 LEs                 ; |encoder_meas|sample:u2|pulse_cnt[14]    ;                            ;
; 4:1                ; 2 bits    ; 4 LEs         ; 2 LEs                ; 2 LEs                  ; |encoder_meas|sample:u2|ch_sgn_delay1    ;                            ;
; 4:1                ; 3 bits    ; 6 LEs         ; 3 LEs                ; 3 LEs                  ; |encoder_meas|sample:u2|ch_sync_delay1   ;                            ;
; 5:1                ; 8 bits    ; 24 LEs        ; 24 LEs               ; 0 LEs                  ; |encoder_meas|sample:u2|ram_data_tmp[1]  ;                            ;
; 4:1                ; 5 bits    ; 10 LEs        ; 10 LEs               ; 0 LEs                  ; |encoder_meas|sample:u2|state            ;                            ;
; 9:1                ; 8 bits    ; 48 LEs        ; 40 LEs               ; 8 LEs                  ; |encoder_meas|channel_sel:u1|mcu_data[6] ;                            ;
+--------------------+-----------+---------------+----------------------+------------------------+------------------------------------------+----------------------------+


+-------------------------------------------------------------+
; Parameter Settings for User Entity Instance: channel_sel:u1 ;
+----------------+----------------------+---------------------+
; Parameter Name ; Value                ; Type                ;
+----------------+----------------------+---------------------+
; MAX_SYNC_NUM   ; 26                   ; Signed Integer      ;
; ch1_addr_base  ; 00000000000000000000 ; Unsigned Binary     ;
; ch2_addr_base  ; 00000001000000000000 ; Unsigned Binary     ;
; ch3_addr_base  ; 00000010000000000000 ; Unsigned Binary     ;
; ch4_addr_base  ; 00000011000000000000 ; Unsigned Binary     ;
; ch5_addr_base  ; 00000100000000000000 ; Unsigned Binary     ;
; ch6_addr_base  ; 00000101000000000000 ; Unsigned Binary     ;
; ch7_addr_base  ; 00000110000000000000 ; Unsigned Binary     ;
; ch8_addr_base  ; 00000111000000000000 ; Unsigned Binary     ;
; ch9_addr_base  ; 00001000000000000000 ; Unsigned Binary     ;
; ch10_addr_base ; 00001001000000000000 ; Unsigned Binary     ;
; ch11_addr_base ; 00011001000000000000 ; Unsigned Binary     ;
; ch12_addr_base ; 00101001000000000000 ; Unsigned Binary     ;
; ch13_addr_base ; 00111001000000000000 ; Unsigned Binary     ;
; ch14_addr_base ; 01001001000000000000 ; Unsigned Binary     ;
; ch15_addr_base ; 01001010000000000000 ; Unsigned Binary     ;
; ch16_addr_base ; 01001011000000000000 ; Unsigned Binary     ;
; ch17_addr_base ; 01001100000000000000 ; Unsigned Binary     ;
; ch18_addr_base ; 01001101000000000000 ; Unsigned Binary     ;
; ch19_addr_base ; 01001110000000000000 ; Unsigned Binary     ;
; ch20_addr_base ; 01001111000000000000 ; Unsigned Binary     ;
; ch21_addr_base ; 01010000000000000000 ; Unsigned Binary     ;
; ch22_addr_base ; 01010001000000000000 ; Unsigned Binary     ;
; ch23_addr_base ; 01010010000000000000 ; Unsigned Binary     ;
; ch24_addr_base ; 01010011000000000000 ; Unsigned Binary     ;
; ch25_addr_base ; 01010100000000000000 ; Unsigned Binary     ;
+----------------+----------------------+---------------------+
Note: In order to hide this table in the UI and the text report file, please set the "Show Parameter Settings in Synthesis Report" option in "Analysis and Synthesis Settings -> More Settings" to "Off".


+--------------------------------------------------------+
; Parameter Settings for User Entity Instance: sample:u2 ;
+----------------+-------+-------------------------------+
; Parameter Name ; Value ; Type                          ;
+----------------+-------+-------------------------------+
; IDLE           ; 001   ; Unsigned Binary               ;
; W0             ; 011   ; Unsigned Binary               ;
; W1             ; 010   ; Unsigned Binary               ;
; W2             ; 110   ; Unsigned Binary               ;
; W3             ; 100   ; Unsigned Binary               ;
; W4             ; 101   ; Unsigned Binary               ;
+----------------+-------+-------------------------------+
Note: In order to hide this table in the UI and the text report file, please set the "Show Parameter Settings in Synthesis Report" option in "Analysis and Synthesis Settings -> More Settings" to "Off".


+-------------------------------+
; Analysis & Synthesis Messages ;
+-------------------------------+
Info: *******************************************************************
Info: Running Quartus II 64-Bit Analysis & Synthesis
    Info: Version 11.0 Build 208 07/03/2011 Service Pack 1 SJ Full Version
    Info: Processing started: Wed Sep 21 16:47:23 2016
Info: Command: quartus_map --read_settings_files=on --write_settings_files=off encoder_meas -c encoder_meas
Info: Parallel compilation is enabled and will use 4 of the 4 processors detected
Info: Found 1 design units, including 1 entities, in source file encoder_meas.v
    Info: Found entity 1: encoder_meas
Info: Found 1 design units, including 1 entities, in source file channel_sel.v
    Info: Found entity 1: channel_sel
Info: Found 1 design units, including 1 entities, in source file sample.v
    Info: Found entity 1: sample
Info: Found 1 design units, including 1 entities, in source file mcu_rd.v
    Info: Found entity 1: mcu_rd
Info: Elaborating entity "encoder_meas" for the top level hierarchy
Info: Elaborating entity "channel_sel" for hierarchy "channel_sel:u1"
Info: Elaborating entity "sample" for hierarchy "sample:u2"
Info: Elaborating entity "mcu_rd" for hierarchy "mcu_rd:u3"
Warning: Tri-state node(s) do not directly drive top-level pin(s)
    Warning: Converted the fan-out from the tri-state buffer "sample:u2|mem_data[0]" to the node "channel_sel:u1|mcu_data[0]" into an OR gate
    Warning: Converted the fan-out from the tri-state buffer "sample:u2|mem_data[1]" to the node "channel_sel:u1|mcu_data[1]" into an OR gate
    Warning: Converted the fan-out from the tri-state buffer "sample:u2|mem_data[2]" to the node "channel_sel:u1|mcu_data[2]" into an OR gate
    Warning: Converted the fan-out from the tri-state buffer "sample:u2|mem_data[3]" to the node "channel_sel:u1|mcu_data[3]" into an OR gate
    Warning: Converted the fan-out from the tri-state buffer "sample:u2|mem_data[4]" to the node "channel_sel:u1|mcu_data[4]" into an OR gate
    Warning: Converted the fan-out from the tri-state buffer "sample:u2|mem_data[5]" to the node "channel_sel:u1|mcu_data[5]" into an OR gate
    Warning: Converted the fan-out from the tri-state buffer "sample:u2|mem_data[6]" to the node "channel_sel:u1|mcu_data[6]" into an OR gate
    Warning: Converted the fan-out from the tri-state buffer "sample:u2|mem_data[7]" to the node "channel_sel:u1|mcu_data[7]" into an OR gate
Warning: Output pins are stuck at VCC or GND
    Warning (13410): Pin "ram_ncs" is stuck at GND
Info: 3 registers lost all their fanouts during netlist optimizations. The first 3 are displayed below.
    Info: Register "sample:u2|state~8" lost all its fanouts during netlist optimizations.
    Info: Register "sample:u2|state~9" lost all its fanouts during netlist optimizations.
    Info: Register "sample:u2|state~10" lost all its fanouts during netlist optimizations.
Warning: Design contains 3 input pin(s) that do not drive logic
    Warning (15610): No output dependent on input pin "ch_sgn_in[0]"
    Warning (15610): No output dependent on input pin "ch_sgn_in[1]"
    Warning (15610): No output dependent on input pin "ch_sgn_in[2]"
Info: Implemented 435 device resources after synthesis - the final resource count might be different
    Info: Implemented 26 input pins
    Info: Implemented 33 output pins
    Info: Implemented 8 bidirectional pins
    Info: Implemented 368 logic cells
Info: Quartus II 64-Bit Analysis & Synthesis was successful. 0 errors, 15 warnings
    Info: Peak virtual memory: 325 megabytes
    Info: Processing ended: Wed Sep 21 16:47:25 2016
    Info: Elapsed time: 00:00:02
    Info: Total CPU time (on all processors): 00:00:01


